<?xml version="1.0" encoding="UTF-8"?>
<testsuites name="commission test" time="206" tests="2" failures="2" errors="0">
   <testsuite name="commission test" tests="2" failures="2" errors="0" time="206" timestamp="2018-09-04 14:40:59" hostname="rkulkarn - 41XHMV1-E6330.callidussoftware.com" id="Test Suites/commission test">
      <properties>
         <property name="deviceName" value=""/>
         <property name="devicePlatform" value=""/>
         <property name="logFolder" value="C:\\Users\\rkulkarn\\git\\UAT_CommissionUI\\Reports\\commission test\\20180904_144056"/>
         <property name="logFiles" value="C:\\Users\\rkulkarn\\git\\UAT_CommissionUI\\Reports\\commission test\\20180904_144056\\execution0.log"/>
         <property name="attachments" value="C:\\Users\\rkulkarn\\git\\UAT_CommissionUI\\Reports\\commission test\\20180904_144056\\1536052331094.png, C:\\Users\\rkulkarn\\git\\UAT_CommissionUI\\Reports\\commission test\\20180904_144056\\1536052372157.png"/>
         <property name="hostName" value="rkulkarn - 41XHMV1-E6330.callidussoftware.com"/>
         <property name="os" value="Windows 10 64bit"/>
         <property name="katalonVersion" value="5.6.1.1"/>
         <property name="browser" value="Chrome 68.0.3440.106"/>
         <property name="hostAddress" value="192.168.245.27"/>
         <property name="sessionId" value="2c204969893a8c359f15f649fa8a66c1"/>
         <property name="seleniumVersion" value="3.7.1"/>
         <property name="proxyInformation" value="ProxyInformation{proxyOption=NO_PROXY, proxyServerType=HTTP, password=, proxyServerAddress=, proxyServerPort=0}"/>
         <property name="platform" value="Windows 10"/>
      </properties>
      <testcase name="Test Cases/Earning Codes exist in the system" classname="Test Cases/Earning Codes exist in the system" status="FAILED">
         <failure type="FAILED" message="Unable to click on object 'Object Repository/Page_Callidus Cloud Commissions Man/a_Earning Codes' (Root cause: org.openqa.selenium.ElementNotVisibleException: element not visible
  (Session info: chrome=68.0.3440.106)
  (Driver info: chromedriver=2.35.528161 (5b82f2d2aae0ca24b877009200ced9065a772e73),platform=Windows NT 10.0.17134 x86_64) (WARNING: The server did not provide any stacktrace information)
Command duration or timeout: 0 milliseconds
Build info: version: '3.7.1', revision: '8a0099a', time: '2017-11-06T21:07:36.161Z'
System info: host: '41XHMV1-E6330', ip: '192.168.245.27', os.name: 'Windows 10', os.arch: 'amd64', os.version: '10.0', java.version: '1.8.0_181'
Driver info: com.kms.katalon.selenium.driver.CChromeDriver
Capabilities {acceptInsecureCerts: false, acceptSslCerts: false, applicationCacheEnabled: false, browserConnectionEnabled: false, browserName: chrome, chrome: {chromedriverVersion: 2.35.528161 (5b82f2d2aae0ca..., userDataDir: C:\Users\rkulkarn\AppData\L...}, cssSelectorsEnabled: true, databaseEnabled: false, handlesAlerts: true, hasTouchScreen: false, javascriptEnabled: true, locationContextEnabled: true, mobileEmulationEnabled: false, nativeEvents: true, networkConnectionEnabled: false, pageLoadStrategy: normal, platform: XP, platformName: XP, rotatable: false, setWindowRect: true, takesHeapSnapshot: true, takesScreenshot: true, unexpectedAlertBehaviour: , unhandledPromptBehavior: , version: 68.0.3440.106, webStorageEnabled: true}
Session ID: 4991dcbe063900a05f861206edda28ca)"/>
         <system-out><![CDATA[2018-09-04 14:40:59 - [TEST_CASE][FAILED] - Test Cases/Earning Codes exist in the system: Test Cases/Earning Codes exist in the system FAILED because (of) Unable to click on object 'Object Repository/Page_Callidus Cloud Commissions Man/a_Earning Codes' (Root cause: org.openqa.selenium.ElementNotVisibleException: element not visible
  (Session info: chrome=68.0.3440.106)
  (Driver info: chromedriver=2.35.528161 (5b82f2d2aae0ca24b877009200ced9065a772e73),platform=Windows NT 10.0.17134 x86_64) (WARNING: The server did not provide any stacktrace information)
Command duration or timeout: 0 milliseconds
Build info: version: '3.7.1', revision: '8a0099a', time: '2017-11-06T21:07:36.161Z'
System info: host: '41XHMV1-E6330', ip: '192.168.245.27', os.name: 'Windows 10', os.arch: 'amd64', os.version: '10.0', java.version: '1.8.0_181'
Driver info: com.kms.katalon.selenium.driver.CChromeDriver
Capabilities {acceptInsecureCerts: false, acceptSslCerts: false, applicationCacheEnabled: false, browserConnectionEnabled: false, browserName: chrome, chrome: {chromedriverVersion: 2.35.528161 (5b82f2d2aae0ca..., userDataDir: C:\Users\rkulkarn\AppData\L...}, cssSelectorsEnabled: true, databaseEnabled: false, handlesAlerts: true, hasTouchScreen: false, javascriptEnabled: true, locationContextEnabled: true, mobileEmulationEnabled: false, nativeEvents: true, networkConnectionEnabled: false, pageLoadStrategy: normal, platform: XP, platformName: XP, rotatable: false, setWindowRect: true, takesHeapSnapshot: true, takesScreenshot: true, unexpectedAlertBehaviour: , unhandledPromptBehavior: , version: 68.0.3440.106, webStorageEnabled: true}
Session ID: 4991dcbe063900a05f861206edda28ca)

2018-09-04 14:41:00 - [TEST_STEP][PASSED] - callTestCase: Call Test Case 'Test Cases/Commission Login' successfully

2018-09-04 14:41:00 - [TEST_CASE][PASSED] - Test Cases/Commission Login: Test Cases/Commission Login

2018-09-04 14:41:00 - [TEST_STEP][PASSED] - openBrowser: Browser is opened with url: ''

2018-09-04 14:41:04 - [MESSAGE][PASSED] - Browser is opened with url: ''

2018-09-04 14:41:04 - [TEST_STEP][PASSED] - navigateToUrl: Navigate to 'https://biz3-tst.callidusondemand.com/SalesPortal/#!/' successfully

2018-09-04 14:41:16 - [MESSAGE][PASSED] - Navigate to 'https://biz3-tst.callidusondemand.com/SalesPortal/#!/' successfully

2018-09-04 14:41:16 - [TEST_STEP][PASSED] - maximizeWindow: Current window maximized

2018-09-04 14:41:17 - [MESSAGE][PASSED] - Current window maximized

2018-09-04 14:41:17 - [TEST_STEP][PASSED] - setText: Text 'rkulkarn@calliduscloud.com' is set on object 'Object Repository/Page_Sales Performance Home/input_username'

2018-09-04 14:41:18 - [MESSAGE][PASSED] - Text 'rkulkarn@calliduscloud.com' is set on object 'Object Repository/Page_Sales Performance Home/input_username'

2018-09-04 14:41:18 - [TEST_STEP][PASSED] - setEncryptedText: Text ****** has been set on object 'Object Repository/Page_Sales Performance Home/input_password'

2018-09-04 14:41:18 - [MESSAGE][PASSED] - Text ****** has been set on object 'Object Repository/Page_Sales Performance Home/input_password'

2018-09-04 14:41:18 - [TEST_STEP][PASSED] - click: Object: 'Object Repository/Page_Sales Performance Home/button_Login' is clicked on

2018-09-04 14:41:18 - [MESSAGE][PASSED] - Object: 'Object Repository/Page_Sales Performance Home/button_Login' is clicked on

2018-09-04 14:41:18 - [TEST_STEP][PASSED] - click: Object: 'Object Repository/Page_Sales Performance Home/span_Sales Performance Home' is clicked on

2018-09-04 14:41:28 - [MESSAGE][PASSED] - Object: 'Object Repository/Page_Sales Performance Home/span_Sales Performance Home' is clicked on

2018-09-04 14:41:28 - [TEST_STEP][PASSED] - click: Object: 'Object Repository/Page_Sales Performance Home/a_Commissions' is clicked on

2018-09-04 14:41:36 - [MESSAGE][PASSED] - Object: 'Object Repository/Page_Sales Performance Home/a_Commissions' is clicked on

2018-09-04 14:41:36 - [TEST_STEP][PASSED] - click: Object: 'Object Repository/Page_Callidus Cloud Commissions Man/a_Manage Setup' is clicked on

2018-09-04 14:42:05 - [MESSAGE][PASSED] - Object: 'Object Repository/Page_Callidus Cloud Commissions Man/a_Manage Setup' is clicked on

2018-09-04 14:42:05 - [MESSAGE][PASSED] - Call Test Case 'Test Cases/Commission Login' successfully

2018-09-04 14:42:05 - [TEST_STEP][PASSED] - mouseOver: Object: 'Object Repository/Page_Callidus Cloud Commissions Man/div_ADMINISTRATION' is hovered

2018-09-04 14:42:10 - [MESSAGE][PASSED] - Object: 'Object Repository/Page_Callidus Cloud Commissions Man/div_ADMINISTRATION' is hovered

2018-09-04 14:42:10 - [TEST_STEP][PASSED] - scrollToElement: Scroll to object 'Object Repository/Page_Callidus Cloud Commissions Man/a_Earning Codes' successfully

2018-09-04 14:42:11 - [MESSAGE][PASSED] - Scroll to object 'Object Repository/Page_Callidus Cloud Commissions Man/a_Earning Codes' successfully

2018-09-04 14:42:11 - [TEST_STEP][FAILED] - click: Unable to click on object 'Object Repository/Page_Callidus Cloud Commissions Man/a_Earning Codes' (Root cause: org.openqa.selenium.ElementNotVisibleException: element not visible
  (Session info: chrome=68.0.3440.106)
  (Driver info: chromedriver=2.35.528161 (5b82f2d2aae0ca24b877009200ced9065a772e73),platform=Windows NT 10.0.17134 x86_64) (WARNING: The server did not provide any stacktrace information)
Command duration or timeout: 0 milliseconds
Build info: version: '3.7.1', revision: '8a0099a', time: '2017-11-06T21:07:36.161Z'
System info: host: '41XHMV1-E6330', ip: '192.168.245.27', os.name: 'Windows 10', os.arch: 'amd64', os.version: '10.0', java.version: '1.8.0_181'
Driver info: com.kms.katalon.selenium.driver.CChromeDriver
Capabilities {acceptInsecureCerts: false, acceptSslCerts: false, applicationCacheEnabled: false, browserConnectionEnabled: false, browserName: chrome, chrome: {chromedriverVersion: 2.35.528161 (5b82f2d2aae0ca..., userDataDir: C:\Users\rkulkarn\AppData\L...}, cssSelectorsEnabled: true, databaseEnabled: false, handlesAlerts: true, hasTouchScreen: false, javascriptEnabled: true, locationContextEnabled: true, mobileEmulationEnabled: false, nativeEvents: true, networkConnectionEnabled: false, pageLoadStrategy: normal, platform: XP, platformName: XP, rotatable: false, setWindowRect: true, takesHeapSnapshot: true, takesScreenshot: true, unexpectedAlertBehaviour: , unhandledPromptBehavior: , version: 68.0.3440.106, webStorageEnabled: true}
Session ID: 4991dcbe063900a05f861206edda28ca)

2018-09-04 14:42:12 - [MESSAGE][FAILED] - Unable to click on object 'Object Repository/Page_Callidus Cloud Commissions Man/a_Earning Codes' (Root cause: org.openqa.selenium.ElementNotVisibleException: element not visible
  (Session info: chrome=68.0.3440.106)
  (Driver info: chromedriver=2.35.528161 (5b82f2d2aae0ca24b877009200ced9065a772e73),platform=Windows NT 10.0.17134 x86_64) (WARNING: The server did not provide any stacktrace information)
Command duration or timeout: 0 milliseconds
Build info: version: '3.7.1', revision: '8a0099a', time: '2017-11-06T21:07:36.161Z'
System info: host: '41XHMV1-E6330', ip: '192.168.245.27', os.name: 'Windows 10', os.arch: 'amd64', os.version: '10.0', java.version: '1.8.0_181'
Driver info: com.kms.katalon.selenium.driver.CChromeDriver
Capabilities {acceptInsecureCerts: false, acceptSslCerts: false, applicationCacheEnabled: false, browserConnectionEnabled: false, browserName: chrome, chrome: {chromedriverVersion: 2.35.528161 (5b82f2d2aae0ca..., userDataDir: C:\Users\rkulkarn\AppData\L...}, cssSelectorsEnabled: true, databaseEnabled: false, handlesAlerts: true, hasTouchScreen: false, javascriptEnabled: true, locationContextEnabled: true, mobileEmulationEnabled: false, nativeEvents: true, networkConnectionEnabled: false, pageLoadStrategy: normal, platform: XP, platformName: XP, rotatable: false, setWindowRect: true, takesHeapSnapshot: true, takesScreenshot: true, unexpectedAlertBehaviour: , unhandledPromptBehavior: , version: 68.0.3440.106, webStorageEnabled: true}
Session ID: 4991dcbe063900a05f861206edda28ca)
[[ATTACHMENT|C:\\Users\\rkulkarn\\git\\UAT_CommissionUI\\Reports\\commission test\\20180904_144056\\1536052331094.png]]

2018-09-04 14:42:12 - [TEST_STEP][PASSED] - setText: Text 'bonus' is set on object 'Object Repository/Page_Callidus Cloud Commissions Man/input_Enter Search Terms'

2018-09-04 14:42:12 - [MESSAGE][PASSED] - Text 'bonus' is set on object 'Object Repository/Page_Callidus Cloud Commissions Man/input_Enter Search Terms'

2018-09-04 14:42:12 - [TEST_STEP][PASSED] - click: Object: 'Object Repository/Page_Callidus Cloud Commissions Man/input_spotlight-search' is clicked on

2018-09-04 14:42:13 - [MESSAGE][PASSED] - Object: 'Object Repository/Page_Callidus Cloud Commissions Man/input_spotlight-search' is clicked on

2018-09-04 14:42:13 - [TEST_STEP][PASSED] - callTestCase: Call Test Case 'Test Cases/Commission Logout' successfully

2018-09-04 14:42:14 - [TEST_CASE][PASSED] - Test Cases/Commission Logout: Test Cases/Commission Logout

2018-09-04 14:42:14 - [TEST_STEP][PASSED] - click: Object: 'Object Repository/Page_Callidus Cloud Commissions Man/span_rkulkarncalliduscloud.com' is clicked on

2018-09-04 14:42:14 - [MESSAGE][PASSED] - Object: 'Object Repository/Page_Callidus Cloud Commissions Man/span_rkulkarncalliduscloud.com' is clicked on

2018-09-04 14:42:14 - [TEST_STEP][PASSED] - click: Object: 'Object Repository/Page_Callidus Cloud Commissions Man/div_Logout' is clicked on

2018-09-04 14:42:15 - [MESSAGE][PASSED] - Object: 'Object Repository/Page_Callidus Cloud Commissions Man/div_Logout' is clicked on

2018-09-04 14:42:15 - [TEST_STEP][PASSED] - closeBrowser: Browser is closed

2018-09-04 14:42:16 - [MESSAGE][PASSED] - Browser is closed

2018-09-04 14:42:16 - [MESSAGE][PASSED] - Call Test Case 'Test Cases/Commission Logout' successfully]]></system-out>
         <system-err><![CDATA[2018-09-04 14:40:59 - [TEST_CASE][FAILED] - Test Cases/Earning Codes exist in the system: Test Cases/Earning Codes exist in the system FAILED because (of) Unable to click on object 'Object Repository/Page_Callidus Cloud Commissions Man/a_Earning Codes' (Root cause: org.openqa.selenium.ElementNotVisibleException: element not visible
  (Session info: chrome=68.0.3440.106)
  (Driver info: chromedriver=2.35.528161 (5b82f2d2aae0ca24b877009200ced9065a772e73),platform=Windows NT 10.0.17134 x86_64) (WARNING: The server did not provide any stacktrace information)
Command duration or timeout: 0 milliseconds
Build info: version: '3.7.1', revision: '8a0099a', time: '2017-11-06T21:07:36.161Z'
System info: host: '41XHMV1-E6330', ip: '192.168.245.27', os.name: 'Windows 10', os.arch: 'amd64', os.version: '10.0', java.version: '1.8.0_181'
Driver info: com.kms.katalon.selenium.driver.CChromeDriver
Capabilities {acceptInsecureCerts: false, acceptSslCerts: false, applicationCacheEnabled: false, browserConnectionEnabled: false, browserName: chrome, chrome: {chromedriverVersion: 2.35.528161 (5b82f2d2aae0ca..., userDataDir: C:\Users\rkulkarn\AppData\L...}, cssSelectorsEnabled: true, databaseEnabled: false, handlesAlerts: true, hasTouchScreen: false, javascriptEnabled: true, locationContextEnabled: true, mobileEmulationEnabled: false, nativeEvents: true, networkConnectionEnabled: false, pageLoadStrategy: normal, platform: XP, platformName: XP, rotatable: false, setWindowRect: true, takesHeapSnapshot: true, takesScreenshot: true, unexpectedAlertBehaviour: , unhandledPromptBehavior: , version: 68.0.3440.106, webStorageEnabled: true}
Session ID: 4991dcbe063900a05f861206edda28ca)]]></system-err>
      </testcase>
      <testcase name="Test Cases/Earning Groups exist in the system" classname="Test Cases/Earning Groups exist in the system" status="FAILED">
         <failure type="FAILED" message="Unable to click on object 'Object Repository/Page_Callidus Cloud Commissions Man/a_Manage Setup' (Root cause: org.openqa.selenium.WebDriverException: unknown error: Element &lt;a id=&quot;ember2779&quot; class=&quot;ember-view linkColor&quot; href=&quot;#/user/list&quot;>...&lt;/a> is not clickable at point (810, 573). Other element would receive the click: &lt;h2 class=&quot;landingPageMenu&quot;>...&lt;/h2>
  (Session info: chrome=68.0.3440.106)
  (Driver info: chromedriver=2.35.528161 (5b82f2d2aae0ca24b877009200ced9065a772e73),platform=Windows NT 10.0.17134 x86_64) (WARNING: The server did not provide any stacktrace information)
Command duration or timeout: 0 milliseconds
Build info: version: '3.7.1', revision: '8a0099a', time: '2017-11-06T21:07:36.161Z'
System info: host: '41XHMV1-E6330', ip: '192.168.245.27', os.name: 'Windows 10', os.arch: 'amd64', os.version: '10.0', java.version: '1.8.0_181'
Driver info: com.kms.katalon.selenium.driver.CChromeDriver
Capabilities {acceptInsecureCerts: false, acceptSslCerts: false, applicationCacheEnabled: false, browserConnectionEnabled: false, browserName: chrome, chrome: {chromedriverVersion: 2.35.528161 (5b82f2d2aae0ca..., userDataDir: C:\Users\rkulkarn\AppData\L...}, cssSelectorsEnabled: true, databaseEnabled: false, handlesAlerts: true, hasTouchScreen: false, javascriptEnabled: true, locationContextEnabled: true, mobileEmulationEnabled: false, nativeEvents: true, networkConnectionEnabled: false, pageLoadStrategy: normal, platform: XP, platformName: XP, rotatable: false, setWindowRect: true, takesHeapSnapshot: true, takesScreenshot: true, unexpectedAlertBehaviour: , unhandledPromptBehavior: , version: 68.0.3440.106, webStorageEnabled: true}
Session ID: fd5447df25ef26212e6af6159824e35c)"/>
         <system-out><![CDATA[2018-09-04 14:42:16 - [TEST_CASE][FAILED] - Test Cases/Earning Groups exist in the system: Test Cases/Earning Groups exist in the system FAILED because (of) Unable to click on object 'Object Repository/Page_Callidus Cloud Commissions Man/a_Manage Setup' (Root cause: org.openqa.selenium.WebDriverException: unknown error: Element <a id="ember2779" class="ember-view linkColor" href="#/user/list">...</a> is not clickable at point (810, 573). Other element would receive the click: <h2 class="landingPageMenu">...</h2>
  (Session info: chrome=68.0.3440.106)
  (Driver info: chromedriver=2.35.528161 (5b82f2d2aae0ca24b877009200ced9065a772e73),platform=Windows NT 10.0.17134 x86_64) (WARNING: The server did not provide any stacktrace information)
Command duration or timeout: 0 milliseconds
Build info: version: '3.7.1', revision: '8a0099a', time: '2017-11-06T21:07:36.161Z'
System info: host: '41XHMV1-E6330', ip: '192.168.245.27', os.name: 'Windows 10', os.arch: 'amd64', os.version: '10.0', java.version: '1.8.0_181'
Driver info: com.kms.katalon.selenium.driver.CChromeDriver
Capabilities {acceptInsecureCerts: false, acceptSslCerts: false, applicationCacheEnabled: false, browserConnectionEnabled: false, browserName: chrome, chrome: {chromedriverVersion: 2.35.528161 (5b82f2d2aae0ca..., userDataDir: C:\Users\rkulkarn\AppData\L...}, cssSelectorsEnabled: true, databaseEnabled: false, handlesAlerts: true, hasTouchScreen: false, javascriptEnabled: true, locationContextEnabled: true, mobileEmulationEnabled: false, nativeEvents: true, networkConnectionEnabled: false, pageLoadStrategy: normal, platform: XP, platformName: XP, rotatable: false, setWindowRect: true, takesHeapSnapshot: true, takesScreenshot: true, unexpectedAlertBehaviour: , unhandledPromptBehavior: , version: 68.0.3440.106, webStorageEnabled: true}
Session ID: fd5447df25ef26212e6af6159824e35c)

2018-09-04 14:42:16 - [TEST_STEP][FAILED] - callTestCase: Unable to call Test Case with id 'Test Cases/Commission Login' (Root cause: Call Test Case 'Test Cases/Commission Login' failed)

2018-09-04 14:42:16 - [TEST_CASE][FAILED] - Test Cases/Commission Login: Test Cases/Commission Login FAILED because (of) Unable to click on object 'Object Repository/Page_Callidus Cloud Commissions Man/a_Manage Setup' (Root cause: org.openqa.selenium.WebDriverException: unknown error: Element <a id="ember2779" class="ember-view linkColor" href="#/user/list">...</a> is not clickable at point (810, 573). Other element would receive the click: <h2 class="landingPageMenu">...</h2>
  (Session info: chrome=68.0.3440.106)
  (Driver info: chromedriver=2.35.528161 (5b82f2d2aae0ca24b877009200ced9065a772e73),platform=Windows NT 10.0.17134 x86_64) (WARNING: The server did not provide any stacktrace information)
Command duration or timeout: 0 milliseconds
Build info: version: '3.7.1', revision: '8a0099a', time: '2017-11-06T21:07:36.161Z'
System info: host: '41XHMV1-E6330', ip: '192.168.245.27', os.name: 'Windows 10', os.arch: 'amd64', os.version: '10.0', java.version: '1.8.0_181'
Driver info: com.kms.katalon.selenium.driver.CChromeDriver
Capabilities {acceptInsecureCerts: false, acceptSslCerts: false, applicationCacheEnabled: false, browserConnectionEnabled: false, browserName: chrome, chrome: {chromedriverVersion: 2.35.528161 (5b82f2d2aae0ca..., userDataDir: C:\Users\rkulkarn\AppData\L...}, cssSelectorsEnabled: true, databaseEnabled: false, handlesAlerts: true, hasTouchScreen: false, javascriptEnabled: true, locationContextEnabled: true, mobileEmulationEnabled: false, nativeEvents: true, networkConnectionEnabled: false, pageLoadStrategy: normal, platform: XP, platformName: XP, rotatable: false, setWindowRect: true, takesHeapSnapshot: true, takesScreenshot: true, unexpectedAlertBehaviour: , unhandledPromptBehavior: , version: 68.0.3440.106, webStorageEnabled: true}
Session ID: fd5447df25ef26212e6af6159824e35c)

2018-09-04 14:42:16 - [TEST_STEP][PASSED] - openBrowser: Browser is opened with url: ''

2018-09-04 14:42:18 - [MESSAGE][PASSED] - Browser is opened with url: ''

2018-09-04 14:42:18 - [TEST_STEP][PASSED] - navigateToUrl: Navigate to 'https://biz3-tst.callidusondemand.com/SalesPortal/#!/' successfully

2018-09-04 14:42:33 - [MESSAGE][PASSED] - Navigate to 'https://biz3-tst.callidusondemand.com/SalesPortal/#!/' successfully

2018-09-04 14:42:33 - [TEST_STEP][PASSED] - maximizeWindow: Current window maximized

2018-09-04 14:42:34 - [MESSAGE][PASSED] - Current window maximized

2018-09-04 14:42:34 - [TEST_STEP][PASSED] - setText: Text 'rkulkarn@calliduscloud.com' is set on object 'Object Repository/Page_Sales Performance Home/input_username'

2018-09-04 14:42:34 - [MESSAGE][PASSED] - Text 'rkulkarn@calliduscloud.com' is set on object 'Object Repository/Page_Sales Performance Home/input_username'

2018-09-04 14:42:34 - [TEST_STEP][PASSED] - setEncryptedText: Text ****** has been set on object 'Object Repository/Page_Sales Performance Home/input_password'

2018-09-04 14:42:35 - [MESSAGE][PASSED] - Text ****** has been set on object 'Object Repository/Page_Sales Performance Home/input_password'

2018-09-04 14:42:35 - [TEST_STEP][PASSED] - click: Object: 'Object Repository/Page_Sales Performance Home/button_Login' is clicked on

2018-09-04 14:42:35 - [MESSAGE][PASSED] - Object: 'Object Repository/Page_Sales Performance Home/button_Login' is clicked on

2018-09-04 14:42:35 - [TEST_STEP][PASSED] - click: Object: 'Object Repository/Page_Sales Performance Home/span_Sales Performance Home' is clicked on

2018-09-04 14:42:38 - [MESSAGE][PASSED] - Object: 'Object Repository/Page_Sales Performance Home/span_Sales Performance Home' is clicked on

2018-09-04 14:42:38 - [TEST_STEP][PASSED] - click: Object: 'Object Repository/Page_Sales Performance Home/a_Commissions' is clicked on

2018-09-04 14:42:39 - [MESSAGE][PASSED] - Object: 'Object Repository/Page_Sales Performance Home/a_Commissions' is clicked on

2018-09-04 14:42:39 - [TEST_STEP][FAILED] - click: Unable to click on object 'Object Repository/Page_Callidus Cloud Commissions Man/a_Manage Setup' (Root cause: org.openqa.selenium.WebDriverException: unknown error: Element <a id="ember2779" class="ember-view linkColor" href="#/user/list">...</a> is not clickable at point (810, 573). Other element would receive the click: <h2 class="landingPageMenu">...</h2>
  (Session info: chrome=68.0.3440.106)
  (Driver info: chromedriver=2.35.528161 (5b82f2d2aae0ca24b877009200ced9065a772e73),platform=Windows NT 10.0.17134 x86_64) (WARNING: The server did not provide any stacktrace information)
Command duration or timeout: 0 milliseconds
Build info: version: '3.7.1', revision: '8a0099a', time: '2017-11-06T21:07:36.161Z'
System info: host: '41XHMV1-E6330', ip: '192.168.245.27', os.name: 'Windows 10', os.arch: 'amd64', os.version: '10.0', java.version: '1.8.0_181'
Driver info: com.kms.katalon.selenium.driver.CChromeDriver
Capabilities {acceptInsecureCerts: false, acceptSslCerts: false, applicationCacheEnabled: false, browserConnectionEnabled: false, browserName: chrome, chrome: {chromedriverVersion: 2.35.528161 (5b82f2d2aae0ca..., userDataDir: C:\Users\rkulkarn\AppData\L...}, cssSelectorsEnabled: true, databaseEnabled: false, handlesAlerts: true, hasTouchScreen: false, javascriptEnabled: true, locationContextEnabled: true, mobileEmulationEnabled: false, nativeEvents: true, networkConnectionEnabled: false, pageLoadStrategy: normal, platform: XP, platformName: XP, rotatable: false, setWindowRect: true, takesHeapSnapshot: true, takesScreenshot: true, unexpectedAlertBehaviour: , unhandledPromptBehavior: , version: 68.0.3440.106, webStorageEnabled: true}
Session ID: fd5447df25ef26212e6af6159824e35c)

2018-09-04 14:42:52 - [MESSAGE][FAILED] - Unable to click on object 'Object Repository/Page_Callidus Cloud Commissions Man/a_Manage Setup' (Root cause: org.openqa.selenium.WebDriverException: unknown error: Element <a id="ember2779" class="ember-view linkColor" href="#/user/list">...</a> is not clickable at point (810, 573). Other element would receive the click: <h2 class="landingPageMenu">...</h2>
  (Session info: chrome=68.0.3440.106)
  (Driver info: chromedriver=2.35.528161 (5b82f2d2aae0ca24b877009200ced9065a772e73),platform=Windows NT 10.0.17134 x86_64) (WARNING: The server did not provide any stacktrace information)
Command duration or timeout: 0 milliseconds
Build info: version: '3.7.1', revision: '8a0099a', time: '2017-11-06T21:07:36.161Z'
System info: host: '41XHMV1-E6330', ip: '192.168.245.27', os.name: 'Windows 10', os.arch: 'amd64', os.version: '10.0', java.version: '1.8.0_181'
Driver info: com.kms.katalon.selenium.driver.CChromeDriver
Capabilities {acceptInsecureCerts: false, acceptSslCerts: false, applicationCacheEnabled: false, browserConnectionEnabled: false, browserName: chrome, chrome: {chromedriverVersion: 2.35.528161 (5b82f2d2aae0ca..., userDataDir: C:\Users\rkulkarn\AppData\L...}, cssSelectorsEnabled: true, databaseEnabled: false, handlesAlerts: true, hasTouchScreen: false, javascriptEnabled: true, locationContextEnabled: true, mobileEmulationEnabled: false, nativeEvents: true, networkConnectionEnabled: false, pageLoadStrategy: normal, platform: XP, platformName: XP, rotatable: false, setWindowRect: true, takesHeapSnapshot: true, takesScreenshot: true, unexpectedAlertBehaviour: , unhandledPromptBehavior: , version: 68.0.3440.106, webStorageEnabled: true}
Session ID: fd5447df25ef26212e6af6159824e35c)
[[ATTACHMENT|C:\\Users\\rkulkarn\\git\\UAT_CommissionUI\\Reports\\commission test\\20180904_144056\\1536052372157.png]]

2018-09-04 14:42:52 - [MESSAGE][FAILED] - Unable to call Test Case with id 'Test Cases/Commission Login' (Root cause: Call Test Case 'Test Cases/Commission Login' failed)]]></system-out>
         <system-err><![CDATA[2018-09-04 14:42:16 - [TEST_CASE][FAILED] - Test Cases/Earning Groups exist in the system: Test Cases/Earning Groups exist in the system FAILED because (of) Unable to click on object 'Object Repository/Page_Callidus Cloud Commissions Man/a_Manage Setup' (Root cause: org.openqa.selenium.WebDriverException: unknown error: Element <a id="ember2779" class="ember-view linkColor" href="#/user/list">...</a> is not clickable at point (810, 573). Other element would receive the click: <h2 class="landingPageMenu">...</h2>
  (Session info: chrome=68.0.3440.106)
  (Driver info: chromedriver=2.35.528161 (5b82f2d2aae0ca24b877009200ced9065a772e73),platform=Windows NT 10.0.17134 x86_64) (WARNING: The server did not provide any stacktrace information)
Command duration or timeout: 0 milliseconds
Build info: version: '3.7.1', revision: '8a0099a', time: '2017-11-06T21:07:36.161Z'
System info: host: '41XHMV1-E6330', ip: '192.168.245.27', os.name: 'Windows 10', os.arch: 'amd64', os.version: '10.0', java.version: '1.8.0_181'
Driver info: com.kms.katalon.selenium.driver.CChromeDriver
Capabilities {acceptInsecureCerts: false, acceptSslCerts: false, applicationCacheEnabled: false, browserConnectionEnabled: false, browserName: chrome, chrome: {chromedriverVersion: 2.35.528161 (5b82f2d2aae0ca..., userDataDir: C:\Users\rkulkarn\AppData\L...}, cssSelectorsEnabled: true, databaseEnabled: false, handlesAlerts: true, hasTouchScreen: false, javascriptEnabled: true, locationContextEnabled: true, mobileEmulationEnabled: false, nativeEvents: true, networkConnectionEnabled: false, pageLoadStrategy: normal, platform: XP, platformName: XP, rotatable: false, setWindowRect: true, takesHeapSnapshot: true, takesScreenshot: true, unexpectedAlertBehaviour: , unhandledPromptBehavior: , version: 68.0.3440.106, webStorageEnabled: true}
Session ID: fd5447df25ef26212e6af6159824e35c)]]></system-err>
      </testcase>
      <testcase name="Test Cases/Commission Login" classname="Test Cases/Commission Login" status="PASSED">
         <system-out><![CDATA[2018-09-04 14:42:52 - [TEST_CASE][PASSED] - Test Cases/Commission Login: Test Cases/Commission Login

2018-09-04 14:42:52 - [TEST_STEP][PASSED] - openBrowser: Browser is opened with url: ''

2018-09-04 14:42:52 - [MESSAGE][WARNING] - A browser is already opened. Closing browser and opening a new one

2018-09-04 14:42:55 - [MESSAGE][PASSED] - Browser is opened with url: ''

2018-09-04 14:42:55 - [TEST_STEP][PASSED] - navigateToUrl: Navigate to 'https://biz3-tst.callidusondemand.com/SalesPortal/#!/' successfully

2018-09-04 14:43:07 - [MESSAGE][PASSED] - Navigate to 'https://biz3-tst.callidusondemand.com/SalesPortal/#!/' successfully

2018-09-04 14:43:07 - [TEST_STEP][PASSED] - maximizeWindow: Current window maximized

2018-09-04 14:43:08 - [MESSAGE][PASSED] - Current window maximized

2018-09-04 14:43:08 - [TEST_STEP][PASSED] - setText: Text 'rkulkarn@calliduscloud.com' is set on object 'Object Repository/Page_Sales Performance Home/input_username'

2018-09-04 14:43:09 - [MESSAGE][PASSED] - Text 'rkulkarn@calliduscloud.com' is set on object 'Object Repository/Page_Sales Performance Home/input_username'

2018-09-04 14:43:09 - [TEST_STEP][PASSED] - setEncryptedText: Text ****** has been set on object 'Object Repository/Page_Sales Performance Home/input_password'

2018-09-04 14:43:09 - [MESSAGE][PASSED] - Text ****** has been set on object 'Object Repository/Page_Sales Performance Home/input_password'

2018-09-04 14:43:09 - [TEST_STEP][PASSED] - click: Object: 'Object Repository/Page_Sales Performance Home/button_Login' is clicked on

2018-09-04 14:43:09 - [MESSAGE][PASSED] - Object: 'Object Repository/Page_Sales Performance Home/button_Login' is clicked on

2018-09-04 14:43:09 - [TEST_STEP][PASSED] - click: Object: 'Object Repository/Page_Sales Performance Home/span_Sales Performance Home' is clicked on

2018-09-04 14:43:12 - [MESSAGE][PASSED] - Object: 'Object Repository/Page_Sales Performance Home/span_Sales Performance Home' is clicked on

2018-09-04 14:43:12 - [TEST_STEP][PASSED] - click: Object: 'Object Repository/Page_Sales Performance Home/a_Commissions' is clicked on

2018-09-04 14:43:13 - [MESSAGE][PASSED] - Object: 'Object Repository/Page_Sales Performance Home/a_Commissions' is clicked on

2018-09-04 14:43:13 - [TEST_STEP][PASSED] - click: Object: 'Object Repository/Page_Callidus Cloud Commissions Man/a_Manage Setup' is clicked on

2018-09-04 14:43:36 - [MESSAGE][PASSED] - Object: 'Object Repository/Page_Callidus Cloud Commissions Man/a_Manage Setup' is clicked on]]></system-out>
         <system-err><![CDATA[]]></system-err>
      </testcase>
      <testcase name="Test Cases/Position Groups exist in the system" classname="Test Cases/Position Groups exist in the system" status="PASSED">
         <system-out><![CDATA[2018-09-04 14:43:36 - [TEST_CASE][PASSED] - Test Cases/Position Groups exist in the system: Test Cases/Position Groups exist in the system

2018-09-04 14:43:36 - [TEST_STEP][PASSED] - callTestCase: Call Test Case 'Test Cases/Commission Login' successfully

2018-09-04 14:43:36 - [TEST_CASE][PASSED] - Test Cases/Commission Login: Test Cases/Commission Login

2018-09-04 14:43:36 - [TEST_STEP][PASSED] - openBrowser: Browser is opened with url: ''

2018-09-04 14:43:36 - [MESSAGE][WARNING] - A browser is already opened. Closing browser and opening a new one

2018-09-04 14:43:39 - [MESSAGE][PASSED] - Browser is opened with url: ''

2018-09-04 14:43:39 - [TEST_STEP][PASSED] - navigateToUrl: Navigate to 'https://biz3-tst.callidusondemand.com/SalesPortal/#!/' successfully

2018-09-04 14:43:51 - [MESSAGE][PASSED] - Navigate to 'https://biz3-tst.callidusondemand.com/SalesPortal/#!/' successfully

2018-09-04 14:43:51 - [TEST_STEP][PASSED] - maximizeWindow: Current window maximized

2018-09-04 14:43:52 - [MESSAGE][PASSED] - Current window maximized

2018-09-04 14:43:52 - [TEST_STEP][PASSED] - setText: Text 'rkulkarn@calliduscloud.com' is set on object 'Object Repository/Page_Sales Performance Home/input_username'

2018-09-04 14:43:52 - [MESSAGE][PASSED] - Text 'rkulkarn@calliduscloud.com' is set on object 'Object Repository/Page_Sales Performance Home/input_username'

2018-09-04 14:43:52 - [TEST_STEP][PASSED] - setEncryptedText: Text ****** has been set on object 'Object Repository/Page_Sales Performance Home/input_password'

2018-09-04 14:43:52 - [MESSAGE][PASSED] - Text ****** has been set on object 'Object Repository/Page_Sales Performance Home/input_password'

2018-09-04 14:43:52 - [TEST_STEP][PASSED] - click: Object: 'Object Repository/Page_Sales Performance Home/button_Login' is clicked on

2018-09-04 14:43:53 - [MESSAGE][PASSED] - Object: 'Object Repository/Page_Sales Performance Home/button_Login' is clicked on

2018-09-04 14:43:53 - [TEST_STEP][PASSED] - click: Object: 'Object Repository/Page_Sales Performance Home/span_Sales Performance Home' is clicked on

2018-09-04 14:43:56 - [MESSAGE][PASSED] - Object: 'Object Repository/Page_Sales Performance Home/span_Sales Performance Home' is clicked on

2018-09-04 14:43:56 - [TEST_STEP][PASSED] - click: Object: 'Object Repository/Page_Sales Performance Home/a_Commissions' is clicked on

2018-09-04 14:43:57 - [MESSAGE][PASSED] - Object: 'Object Repository/Page_Sales Performance Home/a_Commissions' is clicked on

2018-09-04 14:43:57 - [TEST_STEP][PASSED] - click: Object: 'Object Repository/Page_Callidus Cloud Commissions Man/a_Manage Setup' is clicked on

2018-09-04 14:44:20 - [MESSAGE][PASSED] - Object: 'Object Repository/Page_Callidus Cloud Commissions Man/a_Manage Setup' is clicked on

2018-09-04 14:44:20 - [MESSAGE][PASSED] - Call Test Case 'Test Cases/Commission Login' successfully

2018-09-04 14:44:20 - [TEST_STEP][PASSED] - mouseOver: Object: 'Object Repository/Page_Callidus Cloud Commissions Man/div_ADMINISTRATION' is hovered

2018-09-04 14:44:20 - [MESSAGE][PASSED] - Object: 'Object Repository/Page_Callidus Cloud Commissions Man/div_ADMINISTRATION' is hovered

2018-09-04 14:44:20 - [TEST_STEP][PASSED] - scrollToElement: Scroll to object 'Object Repository/Page_Callidus Cloud Commissions Man/a_Position Groups' successfully

2018-09-04 14:44:21 - [MESSAGE][PASSED] - Scroll to object 'Object Repository/Page_Callidus Cloud Commissions Man/a_Position Groups' successfully

2018-09-04 14:44:21 - [TEST_STEP][PASSED] - click: Object: 'Object Repository/Page_Callidus Cloud Commissions Man/a_Position Groups' is clicked on

2018-09-04 14:44:23 - [MESSAGE][PASSED] - Object: 'Object Repository/Page_Callidus Cloud Commissions Man/a_Position Groups' is clicked on

2018-09-04 14:44:23 - [TEST_STEP][PASSED] - setText: Text 'commission' is set on object 'Object Repository/Page_Callidus Cloud Commissions Man/input_Enter Search Terms'

2018-09-04 14:44:23 - [MESSAGE][PASSED] - Text 'commission' is set on object 'Object Repository/Page_Callidus Cloud Commissions Man/input_Enter Search Terms'

2018-09-04 14:44:23 - [TEST_STEP][PASSED] - click: Object: 'Object Repository/Page_Callidus Cloud Commissions Man/input_spotlight-search' is clicked on

2018-09-04 14:44:23 - [MESSAGE][PASSED] - Object: 'Object Repository/Page_Callidus Cloud Commissions Man/input_spotlight-search' is clicked on

2018-09-04 14:44:23 - [TEST_STEP][PASSED] - callTestCase: Call Test Case 'Test Cases/Commission Logout' successfully

2018-09-04 14:44:23 - [TEST_CASE][PASSED] - Test Cases/Commission Logout: Test Cases/Commission Logout

2018-09-04 14:44:23 - [TEST_STEP][PASSED] - click: Object: 'Object Repository/Page_Callidus Cloud Commissions Man/span_rkulkarncalliduscloud.com' is clicked on

2018-09-04 14:44:23 - [MESSAGE][PASSED] - Object: 'Object Repository/Page_Callidus Cloud Commissions Man/span_rkulkarncalliduscloud.com' is clicked on

2018-09-04 14:44:23 - [TEST_STEP][PASSED] - click: Object: 'Object Repository/Page_Callidus Cloud Commissions Man/div_Logout' is clicked on

2018-09-04 14:44:24 - [MESSAGE][PASSED] - Object: 'Object Repository/Page_Callidus Cloud Commissions Man/div_Logout' is clicked on

2018-09-04 14:44:24 - [TEST_STEP][PASSED] - closeBrowser: Browser is closed

2018-09-04 14:44:25 - [MESSAGE][PASSED] - Browser is closed

2018-09-04 14:44:25 - [MESSAGE][PASSED] - Call Test Case 'Test Cases/Commission Logout' successfully]]></system-out>
         <system-err><![CDATA[]]></system-err>
      </testcase>
      <system-out><![CDATA[2018-09-04 14:40:59 - [TEST_SUITE][FAILED] - commission test: Test Cases/Earning Codes exist in the system FAILED because (of) Unable to click on object 'Object Repository/Page_Callidus Cloud Commissions Man/a_Earning Codes' (Root cause: org.openqa.selenium.ElementNotVisibleException: element not visible
  (Session info: chrome=68.0.3440.106)
  (Driver info: chromedriver=2.35.528161 (5b82f2d2aae0ca24b877009200ced9065a772e73),platform=Windows NT 10.0.17134 x86_64) (WARNING: The server did not provide any stacktrace information)
Command duration or timeout: 0 milliseconds
Build info: version: '3.7.1', revision: '8a0099a', time: '2017-11-06T21:07:36.161Z'
System info: host: '41XHMV1-E6330', ip: '192.168.245.27', os.name: 'Windows 10', os.arch: 'amd64', os.version: '10.0', java.version: '1.8.0_181'
Driver info: com.kms.katalon.selenium.driver.CChromeDriver
Capabilities {acceptInsecureCerts: false, acceptSslCerts: false, applicationCacheEnabled: false, browserConnectionEnabled: false, browserName: chrome, chrome: {chromedriverVersion: 2.35.528161 (5b82f2d2aae0ca..., userDataDir: C:\Users\rkulkarn\AppData\L...}, cssSelectorsEnabled: true, databaseEnabled: false, handlesAlerts: true, hasTouchScreen: false, javascriptEnabled: true, locationContextEnabled: true, mobileEmulationEnabled: false, nativeEvents: true, networkConnectionEnabled: false, pageLoadStrategy: normal, platform: XP, platformName: XP, rotatable: false, setWindowRect: true, takesHeapSnapshot: true, takesScreenshot: true, unexpectedAlertBehaviour: , unhandledPromptBehavior: , version: 68.0.3440.106, webStorageEnabled: true}
Session ID: 4991dcbe063900a05f861206edda28ca)]]></system-out>
      <system-err><![CDATA[2018-09-04 14:40:59 - [TEST_SUITE][FAILED] - commission test: Test Cases/Earning Codes exist in the system FAILED because (of) Unable to click on object 'Object Repository/Page_Callidus Cloud Commissions Man/a_Earning Codes' (Root cause: org.openqa.selenium.ElementNotVisibleException: element not visible
  (Session info: chrome=68.0.3440.106)
  (Driver info: chromedriver=2.35.528161 (5b82f2d2aae0ca24b877009200ced9065a772e73),platform=Windows NT 10.0.17134 x86_64) (WARNING: The server did not provide any stacktrace information)
Command duration or timeout: 0 milliseconds
Build info: version: '3.7.1', revision: '8a0099a', time: '2017-11-06T21:07:36.161Z'
System info: host: '41XHMV1-E6330', ip: '192.168.245.27', os.name: 'Windows 10', os.arch: 'amd64', os.version: '10.0', java.version: '1.8.0_181'
Driver info: com.kms.katalon.selenium.driver.CChromeDriver
Capabilities {acceptInsecureCerts: false, acceptSslCerts: false, applicationCacheEnabled: false, browserConnectionEnabled: false, browserName: chrome, chrome: {chromedriverVersion: 2.35.528161 (5b82f2d2aae0ca..., userDataDir: C:\Users\rkulkarn\AppData\L...}, cssSelectorsEnabled: true, databaseEnabled: false, handlesAlerts: true, hasTouchScreen: false, javascriptEnabled: true, locationContextEnabled: true, mobileEmulationEnabled: false, nativeEvents: true, networkConnectionEnabled: false, pageLoadStrategy: normal, platform: XP, platformName: XP, rotatable: false, setWindowRect: true, takesHeapSnapshot: true, takesScreenshot: true, unexpectedAlertBehaviour: , unhandledPromptBehavior: , version: 68.0.3440.106, webStorageEnabled: true}
Session ID: 4991dcbe063900a05f861206edda28ca)]]></system-err>
   </testsuite>
</testsuites>
