<?xml version="1.0" encoding="UTF-8"?>
<testsuites name="TestDemo" time="72" tests="0" failures="1" errors="0">
   <testsuite name="TestDemo" tests="0" failures="1" errors="0" time="72" timestamp="2018-09-05 15:27:40" hostname="sanrao - 1971WS1-E6330.callidussoftware.com" id="Test Suites/TestDemo">
      <properties>
         <property name="deviceName" value=""/>
         <property name="devicePlatform" value=""/>
         <property name="logFolder" value="C:\\Users\\sanrao\\git\\UAT_Commission\\Reports\\TestDemo\\20180905_152738"/>
         <property name="logFiles" value="C:\\Users\\sanrao\\git\\UAT_Commission\\Reports\\TestDemo\\20180905_152738\\execution0.log"/>
         <property name="attachments" value="C:\\Users\\sanrao\\git\\UAT_Commission\\Reports\\TestDemo\\20180905_152738\\1536141531733.png"/>
         <property name="hostName" value="sanrao - 1971WS1-E6330.callidussoftware.com"/>
         <property name="os" value="Windows 10 64bit"/>
         <property name="katalonVersion" value="5.6.3.1"/>
         <property name="browser" value="Chrome 68.0.3440.106"/>
         <property name="hostAddress" value="192.168.245.13"/>
         <property name="sessionId" value="836a7e26ac97099965bad72ba87eac16"/>
         <property name="seleniumVersion" value="3.7.1"/>
         <property name="proxyInformation" value="ProxyInformation{proxyOption=NO_PROXY, proxyServerType=HTTP, password=, proxyServerAddress=, proxyServerPort=0}"/>
         <property name="platform" value="Windows 10"/>
      </properties>
      <testcase name="Test Cases/Earning Codes exist in the system" classname="Test Cases/Earning Codes exist in the system" status="FAILED">
         <failure type="FAILED" message="Unable to set text 'sanrao@calliduscloud.com' of object 'Object Repository/Page_Sales Performance Home/input_username' (Root cause: com.kms.katalon.core.webui.exception.WebElementNotFoundException: Web element with id: 'Object Repository/Page_Sales Performance Home/input_username' located by 'By.xpath: //input[@id = 'login_input' and @name = 'username' and @type = 'text']' not found)"/>
         <system-out><![CDATA[2018-09-05 15:27:40 - [TEST_CASE][FAILED] - Test Cases/Earning Codes exist in the system: Test Cases/Earning Codes exist in the system FAILED because (of) Unable to set text 'sanrao@calliduscloud.com' of object 'Object Repository/Page_Sales Performance Home/input_username' (Root cause: com.kms.katalon.core.webui.exception.WebElementNotFoundException: Web element with id: 'Object Repository/Page_Sales Performance Home/input_username' located by 'By.xpath: //input[@id = 'login_input' and @name = 'username' and @type = 'text']' not found)

2018-09-05 15:27:41 - [TEST_STEP][FAILED] - callTestCase: Unable to call Test Case with id 'Test Cases/Commission Login' (Root cause: Call Test Case 'Test Cases/Commission Login' failed)

2018-09-05 15:27:41 - [TEST_CASE][FAILED] - Test Cases/Commission Login: Test Cases/Commission Login FAILED because (of) Unable to set text 'sanrao@calliduscloud.com' of object 'Object Repository/Page_Sales Performance Home/input_username' (Root cause: com.kms.katalon.core.webui.exception.WebElementNotFoundException: Web element with id: 'Object Repository/Page_Sales Performance Home/input_username' located by 'By.xpath: //input[@id = 'login_input' and @name = 'username' and @type = 'text']' not found)

2018-09-05 15:27:42 - [TEST_STEP][PASSED] - openBrowser: Browser is opened with url: ''

2018-09-05 15:27:46 - [MESSAGE][PASSED] - Browser is opened with url: ''

2018-09-05 15:27:46 - [TEST_STEP][PASSED] - navigateToUrl: Navigate to 'https://biz3-tst.callidusondemand.com/SalesPortal/#!/' successfully

2018-09-05 15:28:19 - [MESSAGE][PASSED] - Navigate to 'https://biz3-tst.callidusondemand.com/SalesPortal/#!/' successfully

2018-09-05 15:28:19 - [TEST_STEP][PASSED] - maximizeWindow: Current window maximized

2018-09-05 15:28:20 - [MESSAGE][PASSED] - Current window maximized

2018-09-05 15:28:20 - [TEST_STEP][FAILED] - setText: Unable to set text 'sanrao@calliduscloud.com' of object 'Object Repository/Page_Sales Performance Home/input_username' (Root cause: com.kms.katalon.core.webui.exception.WebElementNotFoundException: Web element with id: 'Object Repository/Page_Sales Performance Home/input_username' located by 'By.xpath: //input[@id = 'login_input' and @name = 'username' and @type = 'text']' not found)

2018-09-05 15:28:52 - [MESSAGE][FAILED] - Unable to set text 'sanrao@calliduscloud.com' of object 'Object Repository/Page_Sales Performance Home/input_username' (Root cause: com.kms.katalon.core.webui.exception.WebElementNotFoundException: Web element with id: 'Object Repository/Page_Sales Performance Home/input_username' located by 'By.xpath: //input[@id = 'login_input' and @name = 'username' and @type = 'text']' not found)
[[ATTACHMENT|C:\\Users\\sanrao\\git\\UAT_Commission\\Reports\\TestDemo\\20180905_152738\\1536141531733.png]]

2018-09-05 15:28:52 - [MESSAGE][FAILED] - Unable to call Test Case with id 'Test Cases/Commission Login' (Root cause: Call Test Case 'Test Cases/Commission Login' failed)]]></system-out>
         <system-err><![CDATA[2018-09-05 15:27:40 - [TEST_CASE][FAILED] - Test Cases/Earning Codes exist in the system: Test Cases/Earning Codes exist in the system FAILED because (of) Unable to set text 'sanrao@calliduscloud.com' of object 'Object Repository/Page_Sales Performance Home/input_username' (Root cause: com.kms.katalon.core.webui.exception.WebElementNotFoundException: Web element with id: 'Object Repository/Page_Sales Performance Home/input_username' located by 'By.xpath: //input[@id = 'login_input' and @name = 'username' and @type = 'text']' not found)]]></system-err>
      </testcase>
      <system-out><![CDATA[2018-09-05 15:27:40 - [TEST_SUITE][FAILED] - TestDemo: Test Cases/Earning Codes exist in the system FAILED because (of) Unable to set text 'sanrao@calliduscloud.com' of object 'Object Repository/Page_Sales Performance Home/input_username' (Root cause: com.kms.katalon.core.webui.exception.WebElementNotFoundException: Web element with id: 'Object Repository/Page_Sales Performance Home/input_username' located by 'By.xpath: //input[@id = 'login_input' and @name = 'username' and @type = 'text']' not found)]]></system-out>
      <system-err><![CDATA[2018-09-05 15:27:40 - [TEST_SUITE][FAILED] - TestDemo: Test Cases/Earning Codes exist in the system FAILED because (of) Unable to set text 'sanrao@calliduscloud.com' of object 'Object Repository/Page_Sales Performance Home/input_username' (Root cause: com.kms.katalon.core.webui.exception.WebElementNotFoundException: Web element with id: 'Object Repository/Page_Sales Performance Home/input_username' located by 'By.xpath: //input[@id = 'login_input' and @name = 'username' and @type = 'text']' not found)]]></system-err>
   </testsuite>
</testsuites>
